External-Tutorial-AndroidLifeCycles/build/outputs/logs/manifest-merger-debug-report.txt
-- Merging decision tree log ---
manifest
ADDED from src/main/AndroidManifest.xml:16:1-74:12
INJECTED from src/main/AndroidManifest.xml:16:1-74:12
INJECTED from src/main/AndroidManifest.xml:16:1-74:12
INJECTED from src/main/AndroidManifest.xml:16:1-74:12
MERGED from [com.android.databinding:adapters:3.1.4] AndroidManifest.xml:17:1-24:12
MERGED from [com.android.databinding:library:3.1.4] AndroidManifest.xml:17:1-24:12
MERGED from [com.android.support:appcompat-v7:27.1.1] AndroidManifest.xml:17:1-22:12
MERGED from [com.android.support:cardview-v7:27.1.1] AndroidManifest.xml:17:1-22:12
MERGED from [com.android.support:recyclerview-v7:27.1.1] AndroidManifest.xml:17:1-22:12
MERGED from [com.android.support:support-v4:27.1.1] AndroidManifest.xml:17:1-22:12
MERGED from [android.arch.lifecycle:extensions:1.1.1] AndroidManifest.xml:17:1-30:12
MERGED from [android.arch.persistence.room:runtime:1.1.1] AndroidManifest.xml:17:1-22:12
MERGED from [com.android.support:animated-vector-drawable:27.1.1] AndroidManifest.xml:17:1-22:12
MERGED from [com.android.support:support-vector-drawable:27.1.1] AndroidManifest.xml:17:1-22:12
MERGED from [com.android.support:support-fragment:27.1.1] AndroidManifest.xml:17:1-22:12
MERGED from [com.android.support:support-core-ui:27.1.1] AndroidManifest.xml:17:1-22:12
MERGED from [com.android.support:support-media-compat:27.1.1] AndroidManifest.xml:17:1-22:12
MERGED from [com.android.support:support-core-utils:27.1.1] AndroidManifest.xml:17:1-22:12
MERGED from [com.android.support:support-compat:27.1.1] AndroidManifest.xml:17:1-22:12
MERGED from [android.arch.lifecycle:runtime:1.1.1] AndroidManifest.xml:17:1-22:12
MERGED from [android.arch.lifecycle:livedata:1.1.1] AndroidManifest.xml:17:1-22:12
MERGED from [android.arch.lifecycle:livedata-core:1.1.1] AndroidManifest.xml:17:1-22:12
MERGED from [android.arch.core:runtime:1.1.1] AndroidManifest.xml:17:1-22:12
MERGED from [android.arch.persistence:db-framework:1.1.1] AndroidManifest.xml:17:1-22:12
MERGED from [android.arch.persistence:db:1.1.1] AndroidManifest.xml:17:1-22:12
MERGED from [android.arch.lifecycle:viewmodel:1.1.1] AndroidManifest.xml:17:1-22:12
INJECTED from src/main/AndroidManifest.xml:16:1-74:12
INJECTED from src/main/AndroidManifest.xml:16:1-74:12
INJECTED from src/main/AndroidManifest.xml:16:1-74:12
	package
		ADDED from src/main/AndroidManifest.xml:17:5-53
		INJECTED from src/main/AndroidManifest.xml
		INJECTED from src/main/AndroidManifest.xml
	android:versionName
		INJECTED from src/main/AndroidManifest.xml
		ADDED from src/main/AndroidManifest.xml:16:1-74:12
		INJECTED from src/main/AndroidManifest.xml
	android:versionCode
		INJECTED from src/main/AndroidManifest.xml
		ADDED from src/main/AndroidManifest.xml:16:1-74:12
		INJECTED from src/main/AndroidManifest.xml
	xmlns:android
		ADDED from src/main/AndroidManifest.xml:16:11-69
uses-permission#android.permission.ACCESS_FINE_LOCATION
ADDED from src/main/AndroidManifest.xml:19:5-79
	android:name
		ADDED from src/main/AndroidManifest.xml:19:22-76
uses-permission#android.permission.ACCESS_COARSE_LOCATION
ADDED from src/main/AndroidManifest.xml:20:5-81
	android:name
		ADDED from src/main/AndroidManifest.xml:20:22-78
uses-feature#android.hardware.location.gps
ADDED from src/main/AndroidManifest.xml:22:5-66
	android:name
		ADDED from src/main/AndroidManifest.xml:22:19-63
application
ADDED from src/main/AndroidManifest.xml:24:5-72:19
MERGED from [android.arch.lifecycle:extensions:1.1.1] AndroidManifest.xml:22:5-28:19
MERGED from [android.arch.lifecycle:extensions:1.1.1] AndroidManifest.xml:22:5-28:19
	android:supportsRtl
		ADDED from src/main/AndroidManifest.xml:28:9-35
	android:label
		ADDED from src/main/AndroidManifest.xml:27:9-41
	android:icon
		ADDED from src/main/AndroidManifest.xml:26:9-43
	android:allowBackup
		ADDED from src/main/AndroidManifest.xml:25:9-35
	android:theme
		ADDED from src/main/AndroidManifest.xml:29:9-40
activity#com.example.android.lifecycles.step1.ChronoActivity1
ADDED from src/main/AndroidManifest.xml:30:9-34:20
	android:name
		ADDED from src/main/AndroidManifest.xml:30:19-86
intent-filter#action:name:android.intent.action.MAIN
ADDED from src/main/AndroidManifest.xml:31:13-33:29
action#android.intent.action.MAIN
ADDED from src/main/AndroidManifest.xml:32:17-69
	android:name
		ADDED from src/main/AndroidManifest.xml:32:25-66
activity#com.example.android.lifecycles.step2.ChronoActivity2
ADDED from src/main/AndroidManifest.xml:35:9-39:20
	android:name
		ADDED from src/main/AndroidManifest.xml:35:19-86
activity#com.example.android.lifecycles.step3.ChronoActivity3
ADDED from src/main/AndroidManifest.xml:40:9-44:20
	android:name
		ADDED from src/main/AndroidManifest.xml:40:19-86
activity#com.example.android.lifecycles.step3_solution.ChronoActivity3
ADDED from src/main/AndroidManifest.xml:45:9-50:20
	android:name
		ADDED from src/main/AndroidManifest.xml:45:19-95
intent-filter#action:name:android.intent.action.MAIN+category:name:android.intent.category.LAUNCHER
ADDED from src/main/AndroidManifest.xml:46:13-49:29
category#android.intent.category.LAUNCHER
ADDED from src/main/AndroidManifest.xml:48:17-77
	android:name
		ADDED from src/main/AndroidManifest.xml:48:27-74
activity#com.example.android.lifecycles.step4_solution.LocationActivity
ADDED from src/main/AndroidManifest.xml:51:9-55:20
	android:name
		ADDED from src/main/AndroidManifest.xml:51:19-96
activity#com.example.android.lifecycles.step4.LocationActivity
ADDED from src/main/AndroidManifest.xml:56:9-60:20
	android:name
		ADDED from src/main/AndroidManifest.xml:56:19-87
activity#com.example.android.lifecycles.step5.Activity_step5
ADDED from src/main/AndroidManifest.xml:61:9-65:20
	android:name
		ADDED from src/main/AndroidManifest.xml:61:19-85
activity#com.example.android.lifecycles.step5_solution.Activity_step5
ADDED from src/main/AndroidManifest.xml:66:9-71:20
	android:name
		ADDED from src/main/AndroidManifest.xml:66:19-94
uses-sdk
INJECTED from src/main/AndroidManifest.xml reason: use-sdk injection requested
INJECTED from src/main/AndroidManifest.xml
INJECTED from src/main/AndroidManifest.xml
MERGED from [com.android.databinding:adapters:3.1.4] AndroidManifest.xml:22:5-44
MERGED from [com.android.databinding:adapters:3.1.4] AndroidManifest.xml:22:5-44
MERGED from [com.android.databinding:library:3.1.4] AndroidManifest.xml:22:5-44
MERGED from [com.android.databinding:library:3.1.4] AndroidManifest.xml:22:5-44
MERGED from [com.android.support:appcompat-v7:27.1.1] AndroidManifest.xml:20:5-44
MERGED from [com.android.support:appcompat-v7:27.1.1] AndroidManifest.xml:20:5-44
MERGED from [com.android.support:cardview-v7:27.1.1] AndroidManifest.xml:20:5-44
MERGED from [com.android.support:cardview-v7:27.1.1] AndroidManifest.xml:20:5-44
MERGED from [com.android.support:recyclerview-v7:27.1.1] AndroidManifest.xml:20:5-44
MERGED from [com.android.support:recyclerview-v7:27.1.1] AndroidManifest.xml:20:5-44
MERGED from [com.android.support:support-v4:27.1.1] AndroidManifest.xml:20:5-44
MERGED from [com.android.support:support-v4:27.1.1] AndroidManifest.xml:20:5-44
MERGED from [android.arch.lifecycle:extensions:1.1.1] AndroidManifest.xml:20:5-44
MERGED from [android.arch.lifecycle:extensions:1.1.1] AndroidManifest.xml:20:5-44
MERGED from [android.arch.persistence.room:runtime:1.1.1] AndroidManifest.xml:20:5-44
MERGED from [android.arch.persistence.room:runtime:1.1.1] AndroidManifest.xml:20:5-44
MERGED from [com.android.support:animated-vector-drawable:27.1.1] AndroidManifest.xml:20:5-44
MERGED from [com.android.support:animated-vector-drawable:27.1.1] AndroidManifest.xml:20:5-44
MERGED from [com.android.support:support-vector-drawable:27.1.1] AndroidManifest.xml:20:5-44
MERGED from [com.android.support:support-vector-drawable:27.1.1] AndroidManifest.xml:20:5-44
MERGED from [com.android.support:support-fragment:27.1.1] AndroidManifest.xml:20:5-44
MERGED from [com.android.support:support-fragment:27.1.1] AndroidManifest.xml:20:5-44
MERGED from [com.android.support:support-core-ui:27.1.1] AndroidManifest.xml:20:5-44
MERGED from [com.android.support:support-core-ui:27.1.1] AndroidManifest.xml:20:5-44
MERGED from [com.android.support:support-media-compat:27.1.1] AndroidManifest.xml:20:5-44
MERGED from [com.android.support:support-media-compat:27.1.1] AndroidManifest.xml:20:5-44
MERGED from [com.android.support:support-core-utils:27.1.1] AndroidManifest.xml:20:5-44
MERGED from [com.android.support:support-core-utils:27.1.1] AndroidManifest.xml:20:5-44
MERGED from [com.android.support:support-compat:27.1.1] AndroidManifest.xml:20:5-44
MERGED from [com.android.support:support-compat:27.1.1] AndroidManifest.xml:20:5-44
MERGED from [android.arch.lifecycle:runtime:1.1.1] AndroidManifest.xml:20:5-44
MERGED from [android.arch.lifecycle:runtime:1.1.1] AndroidManifest.xml:20:5-44
MERGED from [android.arch.lifecycle:livedata:1.1.1] AndroidManifest.xml:20:5-44
MERGED from [android.arch.lifecycle:livedata:1.1.1] AndroidManifest.xml:20:5-44
MERGED from [android.arch.lifecycle:livedata-core:1.1.1] AndroidManifest.xml:20:5-44
MERGED from [android.arch.lifecycle:livedata-core:1.1.1] AndroidManifest.xml:20:5-44
MERGED from [android.arch.core:runtime:1.1.1] AndroidManifest.xml:20:5-44
MERGED from [android.arch.core:runtime:1.1.1] AndroidManifest.xml:20:5-44
MERGED from [android.arch.persistence:db-framework:1.1.1] AndroidManifest.xml:20:5-44
MERGED from [android.arch.persistence:db-framework:1.1.1] AndroidManifest.xml:20:5-44
MERGED from [android.arch.persistence:db:1.1.1] AndroidManifest.xml:20:5-44
MERGED from [android.arch.persistence:db:1.1.1] AndroidManifest.xml:20:5-44
MERGED from [android.arch.lifecycle:viewmodel:1.1.1] AndroidManifest.xml:20:5-44
MERGED from [android.arch.lifecycle:viewmodel:1.1.1] AndroidManifest.xml:20:5-44
INJECTED from src/main/AndroidManifest.xml
INJECTED from src/main/AndroidManifest.xml
	android:targetSdkVersion
		INJECTED from src/main/AndroidManifest.xml
		ADDED from src/main/AndroidManifest.xml
		INJECTED from src/main/AndroidManifest.xml
	android:minSdkVersion
		INJECTED from src/main/AndroidManifest.xml
		ADDED from src/main/AndroidManifest.xml
		INJECTED from src/main/AndroidManifest.xml
provider#android.arch.lifecycle.ProcessLifecycleOwnerInitializer
ADDED from [android.arch.lifecycle:extensions:1.1.1] AndroidManifest.xml:23:9-27:43
	android:authorities
		ADDED from [android.arch.lifecycle:extensions:1.1.1] AndroidManifest.xml:25:13-68
	android:multiprocess
		ADDED from [android.arch.lifecycle:extensions:1.1.1] AndroidManifest.xml:27:13-40
	android:exported
		ADDED from [android.arch.lifecycle:extensions:1.1.1] AndroidManifest.xml:26:13-37
	android:name
		ADDED from [android.arch.lifecycle:extensions:1.1.1] AndroidManifest.xml:24:13-83